<?xml version="1.0" encoding="UTF-8" ?>
<testsuite errors="0" failures="0" hostname="gferrell" name="com.gferrell.gt1.FacilitySpec" tests="1" time="0.213" timestamp="2015-03-06T15:54:59">
  <properties />
  <testcase classname="com.gferrell.gt1.FacilitySpec" name="test something" time="0.198" />
  <system-out><![CDATA[--Output from test something--
first given
first when
first then
]]></system-out>
  <system-err><![CDATA[--Output from test something--
]]></system-err>
</testsuite>
