<?xml version="1.0" encoding="UTF-8" ?>
<testsuite errors="0" failures="0" hostname="gferrell" name="com.gferrell.gt1.OrganizationSpec" tests="1" time="0.106" timestamp="2015-03-06T15:55:00">
  <properties />
  <testcase classname="com.gferrell.gt1.OrganizationSpec" name="test something" time="0.098" />
  <system-out><![CDATA[--Output from test something--
first given
first when
first then
]]></system-out>
  <system-err><![CDATA[--Output from test something--
]]></system-err>
</testsuite>
